
Inserted - Term 8 - {"term_id":8,"name":"Main Menu","slug":"main-menu","term_group":0,"term_taxonomy_id":8,"taxonomy":"nav_menu","description":"","parent":0,"count":0,"filter":"raw"}
Inserted - Post 317 - attachment - divider-free-img-1.png
Inserted - Post 318 - attachment - bbbq-free-img.png
Inserted - Post 319 - attachment - food4-free-img.png
Inserted - Post 320 - attachment - food5-free-img.png
Inserted - Post 22 - attachment - food3-free-img.png
Inserted - Post 23 - attachment - food6-free-img.png
Inserted - Post 35 - attachment - logo@2x-free-img
Inserted - Post 36 - attachment - logo-free-img
Inserted - Post 51 - attachment - chef1-free-img.png
Inserted - Post 52 - attachment - chef2-free-img.png
Inserted - Post 54 - attachment - chef3-free-img.png
Inserted - Post 56 - attachment - chef4-free-img.png
Inserted - Post 57 - attachment - banner1-free-img.jpg
Inserted - Post 69 - attachment - about-img-free-img
Inserted - Post 72 - attachment - client4-free-img
Inserted - Post 73 - attachment - client1-free-img
Inserted - Post 74 - attachment - client2-free-img
Inserted - Post 75 - attachment - client3-free-img
Inserted - Post 76 - attachment - blackboard-bg-free-img
Inserted - Post 77 - attachment - food-pattern-free-img
Inserted - Post 40 - nav_menu_item - 
Inserted - Post 79 - attachment - bbq-free-img
Inserted - Post 80 - attachment - favicon-free-img
Inserted - Post 94 - attachment - mag4-free-img
Inserted - Post 95 - attachment - mag1-free-img
Inserted - Post 96 - attachment - mag2-free-img
Inserted - Post 97 - attachment - mag3-free-img
Inserted - Post 451 - attachment - barbecue-food-1
Inserted - Post 454 - attachment - barbecue-foods-2
Inserted - Post 456 - attachment - Grill-food-banner
Inserted - Post 476 - attachment - cooked-dish
Inserted - Post 479 - attachment - Barbecue-dish-item-1
Inserted - Post 480 - attachment - Barbecue-dish-item-2
Inserted - Post 481 - attachment - Barbecue-dish-item-3
Inserted - Post 513 - attachment - party-group-of-people
Inserted - Post 515 - attachment - hotel-diner-dining
Inserted - Post 523 - elementor_library - Default Kit
Inserted - Post 528 - attachment - bbq-restaurant-yoast-seo
Inserted - Post 560 - attachment - food-dish-05
Inserted - Post 567 - attachment - food-dish-06
Inserted - Post 568 - page - Home
Inserted - Post 569 - page - About Us
Inserted - Post 570 - page - Menu
Inserted - Post 571 - page - Contact Us
Inserted - Post 41 - nav_menu_item - 
Inserted - Post 42 - nav_menu_item - 
Inserted - Post 43 - nav_menu_item - 